<?xml version="1.0" encoding="UTF-8"?>
<!-- Generated by org.testng.reporters.JUnitXMLReporter -->
<testsuite hostname="User-PC" ignored="0" name="ExampleModule2Test" tests="5" failures="0" timestamp="02 Oct 2018 14:07:12 GMT" time="123.959" errors="0">
  <testcase name="Module2NewTest6" time="20.916" classname="Example.Module2.NewTest6"/>
  <testcase name="Module2NewTest7" time="20.166" classname="Example.Module2.NewTest7"/>
  <testcase name="Module2NewTest8" time="20.221" classname="Example.Module2.NewTest8"/>
  <testcase name="Module2NewTest9" time="20.029" classname="Example.Module2.NewTest9"/>
  <testcase name="Module2NewTest10" time="20.082" classname="Example.Module2.NewTest10"/>
</testsuite> <!-- ExampleModule2Test -->
