<?xml version="1.0" encoding="UTF-8"?>
<!-- Generated by org.testng.reporters.JUnitXMLReporter -->
<testsuite hostname="User-PC" ignored="0" name="Test" tests="10" failures="0" timestamp="22 Sep 2018 22:48:10 GMT" time="39.439" errors="0">
  <testcase name="OpenApplication" time="3.489" classname="Example.Module1.NewTest1"/>
  <testcase name="OpenLoginPage" time="2.242" classname="Example.Module1.NewTest1"/>
  <testcase name="LoginToApplication" time="3.924" classname="Example.Module1.NewTest1"/>
  <testcase name="NavigateToHomePage" time="2.198" classname="Example.Module1.NewTest1"/>
  <testcase name="LogoutApplication" time="3.244" classname="Example.Module1.NewTest1"/>
  <testcase name="OpenApplication" time="3.434" classname="Example.Module1.NewTest1_copy"/>
  <testcase name="OpenLoginPage" time="2.238" classname="Example.Module1.NewTest1_copy"/>
  <testcase name="LoginToApplication" time="3.766" classname="Example.Module1.NewTest1_copy"/>
  <testcase name="NavigateToHomePage" time="2.239" classname="Example.Module1.NewTest1_copy"/>
  <testcase name="LogoutApplication" time="3.322" classname="Example.Module1.NewTest1_copy"/>
</testsuite> <!-- Test -->
