<?xml version="1.0" encoding="UTF-8"?>
<!-- Generated by org.testng.reporters.JUnitXMLReporter -->
<testsuite hostname="User-PC" ignored="0" name="ExampleModule1Test" tests="5" failures="0" timestamp="02 Oct 2018 13:57:47 GMT" time="125.353" errors="0">
  <testcase name="Module1NewTest1" time="19.946" classname="Example.Module1.NewTest1"/>
  <testcase name="Module1NewTest2" time="20.753" classname="Example.Module1.NewTest2"/>
  <testcase name="Module1NewTest3" time="19.575" classname="Example.Module1.NewTest3"/>
  <testcase name="Module1NewTest4" time="20.145" classname="Example.Module1.NewTest4"/>
  <testcase name="Module1NewTest5" time="19.741" classname="Example.Module1.NewTest5"/>
</testsuite> <!-- ExampleModule1Test -->
