<?xml version="1.0" encoding="UTF-8"?>
<!-- Generated by org.testng.reporters.JUnitXMLReporter -->
<testsuite hostname="User-PC" ignored="0" name="TestNew" tests="5" failures="0" timestamp="02 Oct 2018 13:45:21 GMT" time="144.205" errors="0">
  <testcase name="TestFlow1" time="21.964" classname="Example.Module1.NewTest1"/>
  <testcase name="TestFlow1" time="22.274" classname="Example.Module1.NewTest2"/>
  <testcase name="TestFlow1" time="27.632" classname="Example.Module1.NewTest3"/>
  <testcase name="TestFlow1" time="21.05" classname="Example.Module1.NewTest4"/>
  <testcase name="TestFlow1" time="20.745" classname="Example.Module1.NewTest5"/>
</testsuite> <!-- TestNew -->
