<?xml version="1.0" encoding="UTF-8"?>
<!-- Generated by org.testng.reporters.JUnitXMLReporter -->
<testsuite hostname="User-PC" ignored="0" name="TestNew" tests="4" failures="0" timestamp="06 Oct 2018 19:13:56 GMT" time="104.614" errors="0">
  <testcase name="Module1NewTest1" time="21.721" classname="Example.Module1.NewTest1"/>
  <testcase name="Module1NewTest2" time="20.812" classname="Example.Module1.NewTest2"/>
  <testcase name="Module1NewTest3" time="20.558" classname="Example.Module1.NewTest3"/>
  <testcase name="Module1NewTest4" time="20.684" classname="Example.Module1.NewTest4"/>
</testsuite> <!-- TestNew -->
